
*** Running vivado
    with args -log lab4_xlconcat_0_0.vds -m64 -product Vivado -mode batch -messageDb vivado.pb -notrace -source lab4_xlconcat_0_0.tcl


****** Vivado v2017.3 (64-bit)
  **** SW Build 2018833 on Wed Oct  4 19:58:07 MDT 2017
  **** IP Build 2016188 on Wed Oct  4 21:52:56 MDT 2017
    ** Copyright 1986-2017 Xilinx, Inc. All Rights Reserved.

source lab4_xlconcat_0_0.tcl -notrace
Starting RTL Elaboration : Time (s): cpu = 00:00:06 ; elapsed = 00:00:08 . Memory (MB): peak = 1315.938 ; gain = 83.000 ; free physical = 3865 ; free virtual = 13811
INFO: [Synth 8-638] synthesizing module 'lab4_xlconcat_0_0' [/home/yumaly/workspace/lab4/vivado/lab4.srcs/sources_1/bd/lab4/ip/lab4_xlconcat_0_0/synth/lab4_xlconcat_0_0.v:58]
INFO: [Synth 8-638] synthesizing module 'xlconcat_v2_1_1_xlconcat' [/home/yumaly/workspace/lab4/vivado/lab4.srcs/sources_1/bd/lab4/ipshared/2f66/hdl/xlconcat_v2_1_vl_rfs.v:14]
INFO: [Synth 8-256] done synthesizing module 'xlconcat_v2_1_1_xlconcat' (1#1) [/home/yumaly/workspace/lab4/vivado/lab4.srcs/sources_1/bd/lab4/ipshared/2f66/hdl/xlconcat_v2_1_vl_rfs.v:14]
INFO: [Synth 8-256] done synthesizing module 'lab4_xlconcat_0_0' (2#1) [/home/yumaly/workspace/lab4/vivado/lab4.srcs/sources_1/bd/lab4/ip/lab4_xlconcat_0_0/synth/lab4_xlconcat_0_0.v:58]
Finished RTL Elaboration : Time (s): cpu = 00:00:07 ; elapsed = 00:00:08 . Memory (MB): peak = 1357.477 ; gain = 124.539 ; free physical = 3835 ; free virtual = 13782
Finished RTL Optimization Phase 1 : Time (s): cpu = 00:00:07 ; elapsed = 00:00:09 . Memory (MB): peak = 1357.477 ; gain = 124.539 ; free physical = 3861 ; free virtual = 13809
INFO: [Device 21-403] Loading part xc7z020clg484-1
Constraint Validation Runtime : Time (s): cpu = 00:00:00 ; elapsed = 00:00:00 . Memory (MB): peak = 1609.469 ; gain = 0.000 ; free physical = 3306 ; free virtual = 13366
Finished Constraint Validation : Time (s): cpu = 00:00:23 ; elapsed = 00:00:40 . Memory (MB): peak = 1609.469 ; gain = 376.531 ; free physical = 3405 ; free virtual = 13465
Finished Loading Part and Timing Information : Time (s): cpu = 00:00:23 ; elapsed = 00:00:40 . Memory (MB): peak = 1609.469 ; gain = 376.531 ; free physical = 3407 ; free virtual = 13467
Finished applying 'set_property' XDC Constraints : Time (s): cpu = 00:00:23 ; elapsed = 00:00:40 . Memory (MB): peak = 1609.469 ; gain = 376.531 ; free physical = 3407 ; free virtual = 13467
Finished RTL Optimization Phase 2 : Time (s): cpu = 00:00:23 ; elapsed = 00:00:40 . Memory (MB): peak = 1609.469 ; gain = 376.531 ; free physical = 3407 ; free virtual = 13467
Finished Cross Boundary and Area Optimization : Time (s): cpu = 00:00:23 ; elapsed = 00:00:40 . Memory (MB): peak = 1609.469 ; gain = 376.531 ; free physical = 3429 ; free virtual = 13489
Finished Applying XDC Timing Constraints : Time (s): cpu = 00:00:29 ; elapsed = 00:00:49 . Memory (MB): peak = 1655.469 ; gain = 422.531 ; free physical = 3212 ; free virtual = 13279
Finished Timing Optimization : Time (s): cpu = 00:00:29 ; elapsed = 00:00:49 . Memory (MB): peak = 1655.469 ; gain = 422.531 ; free physical = 3212 ; free virtual = 13279
Finished Technology Mapping : Time (s): cpu = 00:00:29 ; elapsed = 00:00:49 . Memory (MB): peak = 1663.484 ; gain = 430.547 ; free physical = 3211 ; free virtual = 13279
Finished IO Insertion : Time (s): cpu = 00:00:29 ; elapsed = 00:00:49 . Memory (MB): peak = 1663.488 ; gain = 430.551 ; free physical = 3210 ; free virtual = 13277
Finished Renaming Generated Instances : Time (s): cpu = 00:00:29 ; elapsed = 00:00:49 . Memory (MB): peak = 1663.488 ; gain = 430.551 ; free physical = 3210 ; free virtual = 13277
Finished Rebuilding User Hierarchy : Time (s): cpu = 00:00:29 ; elapsed = 00:00:49 . Memory (MB): peak = 1663.488 ; gain = 430.551 ; free physical = 3210 ; free virtual = 13277
Finished Renaming Generated Ports : Time (s): cpu = 00:00:29 ; elapsed = 00:00:49 . Memory (MB): peak = 1663.488 ; gain = 430.551 ; free physical = 3210 ; free virtual = 13277
Finished Handling Custom Attributes : Time (s): cpu = 00:00:29 ; elapsed = 00:00:49 . Memory (MB): peak = 1663.488 ; gain = 430.551 ; free physical = 3210 ; free virtual = 13277
Finished Renaming Generated Nets : Time (s): cpu = 00:00:29 ; elapsed = 00:00:49 . Memory (MB): peak = 1663.488 ; gain = 430.551 ; free physical = 3210 ; free virtual = 13277

Report Cell Usage: 
+-+-----+------+
| |Cell |Count |
+-+-----+------+
+-+-----+------+
Finished Writing Synthesis Report : Time (s): cpu = 00:00:29 ; elapsed = 00:00:49 . Memory (MB): peak = 1663.488 ; gain = 430.551 ; free physical = 3210 ; free virtual = 13277
synth_design: Time (s): cpu = 00:00:30 ; elapsed = 00:00:50 . Memory (MB): peak = 1670.484 ; gain = 463.367 ; free physical = 3242 ; free virtual = 13310
