
*** Running vivado
    with args -log lab4_xlconcat_0_0.vds -m64 -product Vivado -mode batch -messageDb vivado.pb -notrace -source lab4_xlconcat_0_0.tcl


****** Vivado v2017.3 (64-bit)
  **** SW Build 2018833 on Wed Oct  4 19:58:07 MDT 2017
  **** IP Build 2016188 on Wed Oct  4 21:52:56 MDT 2017
    ** Copyright 1986-2017 Xilinx, Inc. All Rights Reserved.

source lab4_xlconcat_0_0.tcl -notrace
Starting RTL Elaboration : Time (s): cpu = 00:00:07 ; elapsed = 00:00:09 . Memory (MB): peak = 1316.930 ; gain = 84.000 ; free physical = 1687 ; free virtual = 12206
INFO: [Synth 8-638] synthesizing module 'lab4_xlconcat_0_0' [/home/yumaly/workspace/lab4/vivado/lab4.srcs/sources_1/bd/lab4/ip/lab4_xlconcat_0_0/synth/lab4_xlconcat_0_0.v:58]
INFO: [Synth 8-638] synthesizing module 'xlconcat_v2_1_1_xlconcat' [/home/yumaly/workspace/lab4/vivado/lab4.srcs/sources_1/bd/lab4/ipshared/2f66/hdl/xlconcat_v2_1_vl_rfs.v:14]
INFO: [Synth 8-256] done synthesizing module 'xlconcat_v2_1_1_xlconcat' (1#1) [/home/yumaly/workspace/lab4/vivado/lab4.srcs/sources_1/bd/lab4/ipshared/2f66/hdl/xlconcat_v2_1_vl_rfs.v:14]
INFO: [Synth 8-256] done synthesizing module 'lab4_xlconcat_0_0' (2#1) [/home/yumaly/workspace/lab4/vivado/lab4.srcs/sources_1/bd/lab4/ip/lab4_xlconcat_0_0/synth/lab4_xlconcat_0_0.v:58]
Finished RTL Elaboration : Time (s): cpu = 00:00:07 ; elapsed = 00:00:10 . Memory (MB): peak = 1358.469 ; gain = 125.539 ; free physical = 1624 ; free virtual = 12143
Finished RTL Optimization Phase 1 : Time (s): cpu = 00:00:07 ; elapsed = 00:00:11 . Memory (MB): peak = 1358.469 ; gain = 125.539 ; free physical = 1681 ; free virtual = 12200
INFO: [Device 21-403] Loading part xc7z020clg484-1
Constraint Validation Runtime : Time (s): cpu = 00:00:00 ; elapsed = 00:00:00 . Memory (MB): peak = 1610.453 ; gain = 0.000 ; free physical = 1647 ; free virtual = 12167
Finished Constraint Validation : Time (s): cpu = 00:00:23 ; elapsed = 00:00:40 . Memory (MB): peak = 1610.453 ; gain = 377.523 ; free physical = 1547 ; free virtual = 12067
Finished Loading Part and Timing Information : Time (s): cpu = 00:00:23 ; elapsed = 00:00:40 . Memory (MB): peak = 1610.453 ; gain = 377.523 ; free physical = 1547 ; free virtual = 12067
Finished applying 'set_property' XDC Constraints : Time (s): cpu = 00:00:23 ; elapsed = 00:00:40 . Memory (MB): peak = 1610.453 ; gain = 377.523 ; free physical = 1549 ; free virtual = 12069
Finished RTL Optimization Phase 2 : Time (s): cpu = 00:00:23 ; elapsed = 00:00:40 . Memory (MB): peak = 1610.453 ; gain = 377.523 ; free physical = 1549 ; free virtual = 12069
Finished Cross Boundary and Area Optimization : Time (s): cpu = 00:00:23 ; elapsed = 00:00:40 . Memory (MB): peak = 1610.453 ; gain = 377.523 ; free physical = 1547 ; free virtual = 12068
Finished Applying XDC Timing Constraints : Time (s): cpu = 00:00:29 ; elapsed = 00:00:49 . Memory (MB): peak = 1655.453 ; gain = 422.523 ; free physical = 1361 ; free virtual = 11888
Finished Timing Optimization : Time (s): cpu = 00:00:29 ; elapsed = 00:00:49 . Memory (MB): peak = 1655.453 ; gain = 422.523 ; free physical = 1361 ; free virtual = 11888
Finished Technology Mapping : Time (s): cpu = 00:00:29 ; elapsed = 00:00:49 . Memory (MB): peak = 1664.469 ; gain = 431.539 ; free physical = 1360 ; free virtual = 11888
Finished IO Insertion : Time (s): cpu = 00:00:30 ; elapsed = 00:00:49 . Memory (MB): peak = 1664.473 ; gain = 431.543 ; free physical = 1353 ; free virtual = 11880
Finished Renaming Generated Instances : Time (s): cpu = 00:00:30 ; elapsed = 00:00:49 . Memory (MB): peak = 1664.473 ; gain = 431.543 ; free physical = 1353 ; free virtual = 11880
Finished Rebuilding User Hierarchy : Time (s): cpu = 00:00:30 ; elapsed = 00:00:49 . Memory (MB): peak = 1664.473 ; gain = 431.543 ; free physical = 1353 ; free virtual = 11880
Finished Renaming Generated Ports : Time (s): cpu = 00:00:30 ; elapsed = 00:00:49 . Memory (MB): peak = 1664.473 ; gain = 431.543 ; free physical = 1353 ; free virtual = 11880
Finished Handling Custom Attributes : Time (s): cpu = 00:00:30 ; elapsed = 00:00:49 . Memory (MB): peak = 1664.473 ; gain = 431.543 ; free physical = 1353 ; free virtual = 11880
Finished Renaming Generated Nets : Time (s): cpu = 00:00:30 ; elapsed = 00:00:49 . Memory (MB): peak = 1664.473 ; gain = 431.543 ; free physical = 1353 ; free virtual = 11880

Report Cell Usage: 
+-+-----+------+
| |Cell |Count |
+-+-----+------+
+-+-----+------+
Finished Writing Synthesis Report : Time (s): cpu = 00:00:30 ; elapsed = 00:00:49 . Memory (MB): peak = 1664.473 ; gain = 431.543 ; free physical = 1353 ; free virtual = 11880
synth_design: Time (s): cpu = 00:00:31 ; elapsed = 00:00:50 . Memory (MB): peak = 1670.473 ; gain = 463.363 ; free physical = 1384 ; free virtual = 11911
