
*** Running vivado
    with args -log lab4_rst_ps7_0_100M_0.vds -m64 -product Vivado -mode batch -messageDb vivado.pb -notrace -source lab4_rst_ps7_0_100M_0.tcl


****** Vivado v2017.3 (64-bit)
  **** SW Build 2018833 on Wed Oct  4 19:58:07 MDT 2017
  **** IP Build 2016188 on Wed Oct  4 21:52:56 MDT 2017
    ** Copyright 1986-2017 Xilinx, Inc. All Rights Reserved.

source lab4_rst_ps7_0_100M_0.tcl -notrace
Starting RTL Elaboration : Time (s): cpu = 00:00:06 ; elapsed = 00:00:08 . Memory (MB): peak = 1316.930 ; gain = 84.000 ; free physical = 160 ; free virtual = 9442
INFO: [Synth 8-638] synthesizing module 'lab4_rst_ps7_0_100M_0' [/home/yumaly/workspace/lab4/vivado/lab4.srcs/sources_1/bd/lab4/ip/lab4_rst_ps7_0_100M_0/synth/lab4_rst_ps7_0_100M_0.vhd:74]
INFO: [Synth 8-638] synthesizing module 'proc_sys_reset' [/home/yumaly/workspace/lab4/vivado/lab4.srcs/sources_1/bd/lab4/ipshared/f86a/hdl/proc_sys_reset_v5_0_vh_rfs.vhd:1323]
INFO: [Synth 8-638] synthesizing module 'lpf' [/home/yumaly/workspace/lab4/vivado/lab4.srcs/sources_1/bd/lab4/ipshared/f86a/hdl/proc_sys_reset_v5_0_vh_rfs.vhd:816]
INFO: [Synth 8-638] synthesizing module 'SRL16' [/cad/x_17/Vivado/2017.3/scripts/rt/data/unisim_comp.v:50689]
INFO: [Synth 8-256] done synthesizing module 'SRL16' (1#1) [/cad/x_17/Vivado/2017.3/scripts/rt/data/unisim_comp.v:50689]
INFO: [Synth 8-638] synthesizing module 'cdc_sync' [/home/yumaly/workspace/lab4/vivado/lab4.srcs/sources_1/bd/lab4/ipshared/ef1e/hdl/lib_cdc_v1_0_rfs.vhd:106]
INFO: [Synth 8-256] done synthesizing module 'cdc_sync' (2#1) [/home/yumaly/workspace/lab4/vivado/lab4.srcs/sources_1/bd/lab4/ipshared/ef1e/hdl/lib_cdc_v1_0_rfs.vhd:106]
INFO: [Synth 8-256] done synthesizing module 'lpf' (3#1) [/home/yumaly/workspace/lab4/vivado/lab4.srcs/sources_1/bd/lab4/ipshared/f86a/hdl/proc_sys_reset_v5_0_vh_rfs.vhd:816]
INFO: [Synth 8-638] synthesizing module 'sequence_psr' [/home/yumaly/workspace/lab4/vivado/lab4.srcs/sources_1/bd/lab4/ipshared/f86a/hdl/proc_sys_reset_v5_0_vh_rfs.vhd:301]
INFO: [Synth 8-638] synthesizing module 'upcnt_n' [/home/yumaly/workspace/lab4/vivado/lab4.srcs/sources_1/bd/lab4/ipshared/f86a/hdl/proc_sys_reset_v5_0_vh_rfs.vhd:125]
INFO: [Synth 8-256] done synthesizing module 'upcnt_n' (4#1) [/home/yumaly/workspace/lab4/vivado/lab4.srcs/sources_1/bd/lab4/ipshared/f86a/hdl/proc_sys_reset_v5_0_vh_rfs.vhd:125]
INFO: [Synth 8-256] done synthesizing module 'sequence_psr' (5#1) [/home/yumaly/workspace/lab4/vivado/lab4.srcs/sources_1/bd/lab4/ipshared/f86a/hdl/proc_sys_reset_v5_0_vh_rfs.vhd:301]
INFO: [Synth 8-256] done synthesizing module 'proc_sys_reset' (6#1) [/home/yumaly/workspace/lab4/vivado/lab4.srcs/sources_1/bd/lab4/ipshared/f86a/hdl/proc_sys_reset_v5_0_vh_rfs.vhd:1323]
INFO: [Synth 8-256] done synthesizing module 'lab4_rst_ps7_0_100M_0' (7#1) [/home/yumaly/workspace/lab4/vivado/lab4.srcs/sources_1/bd/lab4/ip/lab4_rst_ps7_0_100M_0/synth/lab4_rst_ps7_0_100M_0.vhd:74]
Finished RTL Elaboration : Time (s): cpu = 00:00:07 ; elapsed = 00:00:10 . Memory (MB): peak = 1359.469 ; gain = 126.539 ; free physical = 202 ; free virtual = 9369
Finished RTL Optimization Phase 1 : Time (s): cpu = 00:00:07 ; elapsed = 00:00:10 . Memory (MB): peak = 1359.469 ; gain = 126.539 ; free physical = 197 ; free virtual = 9364
INFO: [Device 21-403] Loading part xc7z020clg484-1
Constraint Validation Runtime : Time (s): cpu = 00:00:00.01 ; elapsed = 00:00:00.02 . Memory (MB): peak = 1697.469 ; gain = 1.000 ; free physical = 150 ; free virtual = 8860
Finished Constraint Validation : Time (s): cpu = 00:00:23 ; elapsed = 00:00:44 . Memory (MB): peak = 1697.469 ; gain = 464.539 ; free physical = 210 ; free virtual = 8882
Finished Loading Part and Timing Information : Time (s): cpu = 00:00:23 ; elapsed = 00:00:44 . Memory (MB): peak = 1697.469 ; gain = 464.539 ; free physical = 210 ; free virtual = 8882
Finished applying 'set_property' XDC Constraints : Time (s): cpu = 00:00:23 ; elapsed = 00:00:44 . Memory (MB): peak = 1697.469 ; gain = 464.539 ; free physical = 212 ; free virtual = 8884
Finished RTL Optimization Phase 2 : Time (s): cpu = 00:00:23 ; elapsed = 00:00:45 . Memory (MB): peak = 1697.469 ; gain = 464.539 ; free physical = 203 ; free virtual = 8875
Finished Cross Boundary and Area Optimization : Time (s): cpu = 00:00:23 ; elapsed = 00:00:45 . Memory (MB): peak = 1697.469 ; gain = 464.539 ; free physical = 192 ; free virtual = 8865
Finished Applying XDC Timing Constraints : Time (s): cpu = 00:00:29 ; elapsed = 00:00:54 . Memory (MB): peak = 1697.469 ; gain = 464.539 ; free physical = 158 ; free virtual = 8766
Finished Timing Optimization : Time (s): cpu = 00:00:29 ; elapsed = 00:00:54 . Memory (MB): peak = 1697.469 ; gain = 464.539 ; free physical = 158 ; free virtual = 8765
Finished Technology Mapping : Time (s): cpu = 00:00:29 ; elapsed = 00:00:54 . Memory (MB): peak = 1697.469 ; gain = 464.539 ; free physical = 171 ; free virtual = 8756
Finished IO Insertion : Time (s): cpu = 00:00:29 ; elapsed = 00:00:55 . Memory (MB): peak = 1697.469 ; gain = 464.539 ; free physical = 161 ; free virtual = 8747
Finished Renaming Generated Instances : Time (s): cpu = 00:00:29 ; elapsed = 00:00:55 . Memory (MB): peak = 1697.469 ; gain = 464.539 ; free physical = 161 ; free virtual = 8746
Finished Rebuilding User Hierarchy : Time (s): cpu = 00:00:29 ; elapsed = 00:00:55 . Memory (MB): peak = 1697.469 ; gain = 464.539 ; free physical = 161 ; free virtual = 8746
Finished Renaming Generated Ports : Time (s): cpu = 00:00:29 ; elapsed = 00:00:55 . Memory (MB): peak = 1697.469 ; gain = 464.539 ; free physical = 161 ; free virtual = 8746
Finished Handling Custom Attributes : Time (s): cpu = 00:00:29 ; elapsed = 00:00:55 . Memory (MB): peak = 1697.469 ; gain = 464.539 ; free physical = 161 ; free virtual = 8746
Finished Renaming Generated Nets : Time (s): cpu = 00:00:29 ; elapsed = 00:00:55 . Memory (MB): peak = 1697.469 ; gain = 464.539 ; free physical = 161 ; free virtual = 8746

Report Cell Usage: 
+------+------+------+
|      |Cell  |Count |
+------+------+------+
|1     |LUT1  |     5|
|2     |LUT2  |     9|
|3     |LUT3  |     1|
|4     |LUT4  |     6|
|5     |LUT5  |     3|
|6     |LUT6  |     1|
|7     |SRL16 |     1|
|8     |FDR   |     8|
|9     |FDRE  |    28|
|10    |FDSE  |     4|
+------+------+------+
Finished Writing Synthesis Report : Time (s): cpu = 00:00:29 ; elapsed = 00:00:55 . Memory (MB): peak = 1697.469 ; gain = 464.539 ; free physical = 161 ; free virtual = 8746
synth_design: Time (s): cpu = 00:00:31 ; elapsed = 00:00:56 . Memory (MB): peak = 1697.469 ; gain = 490.359 ; free physical = 215 ; free virtual = 8744
