
*** Running vivado
    with args -log lab4_processing_system7_0_0.vds -m64 -product Vivado -mode batch -messageDb vivado.pb -notrace -source lab4_processing_system7_0_0.tcl


****** Vivado v2017.3 (64-bit)
  **** SW Build 2018833 on Wed Oct  4 19:58:07 MDT 2017
  **** IP Build 2016188 on Wed Oct  4 21:52:56 MDT 2017
    ** Copyright 1986-2017 Xilinx, Inc. All Rights Reserved.

source lab4_processing_system7_0_0.tcl -notrace
Starting RTL Elaboration : Time (s): cpu = 00:00:06 ; elapsed = 00:00:07 . Memory (MB): peak = 1326.809 ; gain = 86.000 ; free physical = 3863 ; free virtual = 13809
INFO: [Synth 8-638] synthesizing module 'lab4_processing_system7_0_0' [/home/yumaly/workspace/lab4/vivado/lab4.srcs/sources_1/bd/lab4/ip/lab4_processing_system7_0_0/synth/lab4_processing_system7_0_0.v:60]
INFO: [Synth 8-638] synthesizing module 'processing_system7_v5_5_processing_system7' [/home/yumaly/workspace/lab4/vivado/lab4.srcs/sources_1/bd/lab4/ip/lab4_processing_system7_0_0/hdl/verilog/processing_system7_v5_5_processing_system7.v:162]
INFO: [Synth 8-638] synthesizing module 'BUFG' [/cad/x_17/Vivado/2017.3/scripts/rt/data/unisim_comp.v:607]
INFO: [Synth 8-256] done synthesizing module 'BUFG' (1#1) [/cad/x_17/Vivado/2017.3/scripts/rt/data/unisim_comp.v:607]
INFO: [Synth 8-638] synthesizing module 'BIBUF' [/cad/x_17/Vivado/2017.3/scripts/rt/data/unisim_comp.v:268]
INFO: [Synth 8-256] done synthesizing module 'BIBUF' (2#1) [/cad/x_17/Vivado/2017.3/scripts/rt/data/unisim_comp.v:268]
INFO: [Synth 8-638] synthesizing module 'PS7' [/cad/x_17/Vivado/2017.3/scripts/rt/data/unisim_comp.v:40559]
INFO: [Synth 8-256] done synthesizing module 'PS7' (3#1) [/cad/x_17/Vivado/2017.3/scripts/rt/data/unisim_comp.v:40559]
INFO: [Synth 8-256] done synthesizing module 'processing_system7_v5_5_processing_system7' (4#1) [/home/yumaly/workspace/lab4/vivado/lab4.srcs/sources_1/bd/lab4/ip/lab4_processing_system7_0_0/hdl/verilog/processing_system7_v5_5_processing_system7.v:162]
INFO: [Synth 8-256] done synthesizing module 'lab4_processing_system7_0_0' (5#1) [/home/yumaly/workspace/lab4/vivado/lab4.srcs/sources_1/bd/lab4/ip/lab4_processing_system7_0_0/synth/lab4_processing_system7_0_0.v:60]
Finished RTL Elaboration : Time (s): cpu = 00:00:07 ; elapsed = 00:00:08 . Memory (MB): peak = 1368.348 ; gain = 127.539 ; free physical = 3876 ; free virtual = 13824
Finished RTL Optimization Phase 1 : Time (s): cpu = 00:00:07 ; elapsed = 00:00:09 . Memory (MB): peak = 1368.348 ; gain = 127.539 ; free physical = 3871 ; free virtual = 13820
INFO: [Device 21-403] Loading part xc7z020clg484-1
Constraint Validation Runtime : Time (s): cpu = 00:00:00.01 ; elapsed = 00:00:00.01 . Memory (MB): peak = 1642.090 ; gain = 1.000 ; free physical = 3309 ; free virtual = 13369
Finished Constraint Validation : Time (s): cpu = 00:00:24 ; elapsed = 00:00:41 . Memory (MB): peak = 1642.090 ; gain = 401.281 ; free physical = 3410 ; free virtual = 13477
Finished Loading Part and Timing Information : Time (s): cpu = 00:00:24 ; elapsed = 00:00:41 . Memory (MB): peak = 1642.090 ; gain = 401.281 ; free physical = 3410 ; free virtual = 13477
Finished applying 'set_property' XDC Constraints : Time (s): cpu = 00:00:24 ; elapsed = 00:00:41 . Memory (MB): peak = 1642.090 ; gain = 401.281 ; free physical = 3408 ; free virtual = 13475
Finished RTL Optimization Phase 2 : Time (s): cpu = 00:00:25 ; elapsed = 00:00:41 . Memory (MB): peak = 1642.090 ; gain = 401.281 ; free physical = 3395 ; free virtual = 13463
Finished Cross Boundary and Area Optimization : Time (s): cpu = 00:00:25 ; elapsed = 00:00:42 . Memory (MB): peak = 1649.098 ; gain = 408.289 ; free physical = 3381 ; free virtual = 13448
Finished Applying XDC Timing Constraints : Time (s): cpu = 00:00:31 ; elapsed = 00:00:50 . Memory (MB): peak = 1846.098 ; gain = 605.289 ; free physical = 3679 ; free virtual = 13746
Finished Timing Optimization : Time (s): cpu = 00:00:31 ; elapsed = 00:00:51 . Memory (MB): peak = 1866.105 ; gain = 625.297 ; free physical = 3665 ; free virtual = 13732
Finished Technology Mapping : Time (s): cpu = 00:00:32 ; elapsed = 00:00:52 . Memory (MB): peak = 1874.113 ; gain = 633.305 ; free physical = 3663 ; free virtual = 13730
Finished IO Insertion : Time (s): cpu = 00:00:33 ; elapsed = 00:00:53 . Memory (MB): peak = 1874.117 ; gain = 633.309 ; free physical = 3654 ; free virtual = 13722
Finished Renaming Generated Instances : Time (s): cpu = 00:00:33 ; elapsed = 00:00:53 . Memory (MB): peak = 1874.117 ; gain = 633.309 ; free physical = 3653 ; free virtual = 13721
Finished Rebuilding User Hierarchy : Time (s): cpu = 00:00:33 ; elapsed = 00:00:53 . Memory (MB): peak = 1874.117 ; gain = 633.309 ; free physical = 3649 ; free virtual = 13716
Finished Renaming Generated Ports : Time (s): cpu = 00:00:33 ; elapsed = 00:00:53 . Memory (MB): peak = 1874.117 ; gain = 633.309 ; free physical = 3645 ; free virtual = 13712
Finished Handling Custom Attributes : Time (s): cpu = 00:00:33 ; elapsed = 00:00:53 . Memory (MB): peak = 1874.117 ; gain = 633.309 ; free physical = 3641 ; free virtual = 13708
Finished Renaming Generated Nets : Time (s): cpu = 00:00:33 ; elapsed = 00:00:53 . Memory (MB): peak = 1874.117 ; gain = 633.309 ; free physical = 3633 ; free virtual = 13701

Report Cell Usage: 
+------+------+------+
|      |Cell  |Count |
+------+------+------+
|1     |BIBUF |   130|
|2     |BUFG  |     1|
|3     |LUT1  |   112|
|4     |PS7   |     1|
+------+------+------+
Finished Writing Synthesis Report : Time (s): cpu = 00:00:33 ; elapsed = 00:00:53 . Memory (MB): peak = 1874.117 ; gain = 633.309 ; free physical = 3620 ; free virtual = 13688
synth_design: Time (s): cpu = 00:00:34 ; elapsed = 00:00:54 . Memory (MB): peak = 1877.113 ; gain = 662.125 ; free physical = 3824 ; free virtual = 13892
