#-----------------------------------------------------------
# Webtalk v2017.3 (64-bit)
# SW Build 2018833 on Wed Oct  4 19:58:07 MDT 2017
# 
# Start of session at: Thu Dec  5 11:31:54 2019
# Process ID: 15950
# Current directory: /home/yumaly/workspace/lab4/vivado/lab4.sdk/webtalk
# Command line: wbtcv -mode batch -source sdk_webtalk.tcl
# Log file: /home/yumaly/workspace/lab4/vivado/lab4.sdk/webtalk/webtalk.log
# Journal file: /home/yumaly/workspace/lab4/vivado/lab4.sdk/webtalk/webtalk.jou
#-----------------------------------------------------------
source sdk_webtalk.tcl
# webtalk_init -webtalk_dir /home/yumaly/workspace/lab4/vivado/lab4.sdk/webtalk
# webtalk_register_client -client project
# webtalk_add_data -client project -key date_generated -value "2019-12-05 11:31:53" -context "software_version_and_target_device"
# webtalk_add_data -client project -key product_version -value "SDK v2017.3" -context "software_version_and_target_device"
# webtalk_add_data -client project -key build_version -value "2017.3" -context "software_version_and_target_device"
# webtalk_add_data -client project -key os_platform -value "amd64" -context "software_version_and_target_device"
# webtalk_add_data -client project -key registration_id -value "174123256_177724473_177724475_061" -context "software_version_and_target_device"
# webtalk_add_data -client project -key tool_flow -value "SDK" -context "software_version_and_target_device"
# webtalk_add_data -client project -key beta -value "false" -context "software_version_and_target_device"
# webtalk_add_data -client project -key route_design -value "NA" -context "software_version_and_target_device"
# webtalk_add_data -client project -key target_family -value "NA" -context "software_version_and_target_device"
# webtalk_add_data -client project -key target_device -value "NA" -context "software_version_and_target_device"
# webtalk_add_data -client project -key target_package -value "NA" -context "software_version_and_target_device"
# webtalk_add_data -client project -key target_speed -value "NA" -context "software_version_and_target_device"
# webtalk_add_data -client project -key random_id -value "t6nhbfhpr9qsfmf7hbecrikotn" -context "software_version_and_target_device"
# webtalk_add_data -client project -key project_id -value "2017.3_1" -context "software_version_and_target_device"
# webtalk_add_data -client project -key project_iteration -value "1" -context "software_version_and_target_device"
# webtalk_add_data -client project -key os_name -value "SUSE" -context "user_environment"
# webtalk_add_data -client project -key os_release -value "SUSE Linux Enterprise Desktop 12 SP4" -context "user_environment"
# webtalk_add_data -client project -key cpu_name -value "Intel(R) Core(TM) i5-7500 CPU @ 3.40GHz" -context "user_environment"
# webtalk_add_data -client project -key cpu_speed -value "3400.000 MHz" -context "user_environment"
# webtalk_add_data -client project -key total_processors -value "1" -context "user_environment"
# webtalk_add_data -client project -key system_ram -value "16.190 GB" -context "user_environment"
# webtalk_register_client -client sdk
# webtalk_add_data -client sdk -key uid -value "1575534157000" -context "sdk\\\\bsp/1575534157000"
# webtalk_add_data -client sdk -key hwid -value "1574931048000" -context "sdk\\\\bsp/1575534157000"
# webtalk_add_data -client sdk -key os -value "standalone" -context "sdk\\\\bsp/1575534157000"
# webtalk_add_data -client sdk -key apptemplate -value "zynq_fsbl" -context "sdk\\\\bsp/1575534157000"
# webtalk_add_data -client sdk -key RecordType -value "BSPCreation" -context "sdk\\\\bsp/1575534157000"
# webtalk_add_data -client sdk -key uid -value "1575534165000" -context "sdk\\\\application/1575534165000"
# webtalk_add_data -client sdk -key hwid -value "1574931048000" -context "sdk\\\\application/1575534165000"
# webtalk_add_data -client sdk -key bspid -value "1575534157000" -context "sdk\\\\application/1575534165000"
# webtalk_add_data -client sdk -key newbsp -value "true" -context "sdk\\\\application/1575534165000"
# webtalk_add_data -client sdk -key os -value "standalone" -context "sdk\\\\application/1575534165000"
# webtalk_add_data -client sdk -key apptemplate -value "zynq_fsbl" -context "sdk\\\\application/1575534165000"
# webtalk_add_data -client sdk -key RecordType -value "APPCreation" -context "sdk\\\\application/1575534165000"
# webtalk_add_data -client sdk -key LangUsed -value "C" -context "sdk\\\\application/1575534165000"
# webtalk_add_data -client sdk -key Procused -value "ps7_cortexa9" -context "sdk\\\\application/1575534165000"
# webtalk_add_data -client sdk -key projSize -value "340.12890625" -context "sdk\\\\application/1575534165000"
# webtalk_add_data -client sdk -key uid -value "NA" -context "sdk\\\\bsp/1575538313767"
# webtalk_add_data -client sdk -key RecordType -value "ToolUsage" -context "sdk\\\\bsp/1575538313767"
# webtalk_add_data -client sdk -key BootgenCount -value "1" -context "sdk\\\\bsp/1575538313767"
# webtalk_add_data -client sdk -key DebugCount -value "0" -context "sdk\\\\bsp/1575538313767"
# webtalk_add_data -client sdk -key PerfCount -value "0" -context "sdk\\\\bsp/1575538313767"
# webtalk_add_data -client sdk -key FlashCount -value "0" -context "sdk\\\\bsp/1575538313767"
# webtalk_add_data -client sdk -key CrossTriggCount -value "0" -context "sdk\\\\bsp/1575538313767"
# webtalk_add_data -client sdk -key QemuDebugCount -value "0" -context "sdk\\\\bsp/1575538313767"
# webtalk_transmit -clientid 2523755829 -regid "174123256_177724473_177724475_061" -xml /home/yumaly/workspace/lab4/vivado/lab4.sdk/webtalk/usage_statistics_ext_sdk.xml -html /home/yumaly/workspace/lab4/vivado/lab4.sdk/webtalk/usage_statistics_ext_sdk.html -wdm /home/yumaly/workspace/lab4/vivado/lab4.sdk/webtalk/sdk_webtalk.wdm -intro "<H3>SDK Usage Report</H3><BR>"
# webtalk_terminate
INFO: [Common 17-206] Exiting Webtalk at Thu Dec  5 11:31:54 2019...
