
*** Running vivado
    with args -log lab4_xlconstant_0_0.vds -m64 -product Vivado -mode batch -messageDb vivado.pb -notrace -source lab4_xlconstant_0_0.tcl


****** Vivado v2017.3 (64-bit)
  **** SW Build 2018833 on Wed Oct  4 19:58:07 MDT 2017
  **** IP Build 2016188 on Wed Oct  4 21:52:56 MDT 2017
    ** Copyright 1986-2017 Xilinx, Inc. All Rights Reserved.

source lab4_xlconstant_0_0.tcl -notrace
Starting RTL Elaboration : Time (s): cpu = 00:00:07 ; elapsed = 00:00:08 . Memory (MB): peak = 1314.938 ; gain = 83.000 ; free physical = 4679 ; free virtual = 13175
INFO: [Synth 8-638] synthesizing module 'lab4_xlconstant_0_0' [/home/yumaly/workspace/lab4/vivado/lab4.srcs/sources_1/bd/lab4/ip/lab4_xlconstant_0_0/synth/lab4_xlconstant_0_0.v:57]
INFO: [Synth 8-638] synthesizing module 'xlconstant_v1_1_3_xlconstant' [/home/yumaly/workspace/lab4/vivado/lab4.srcs/sources_1/bd/lab4/ipshared/0750/hdl/xlconstant_v1_1_vl_rfs.v:23]
INFO: [Synth 8-256] done synthesizing module 'xlconstant_v1_1_3_xlconstant' (1#1) [/home/yumaly/workspace/lab4/vivado/lab4.srcs/sources_1/bd/lab4/ipshared/0750/hdl/xlconstant_v1_1_vl_rfs.v:23]
INFO: [Synth 8-256] done synthesizing module 'lab4_xlconstant_0_0' (2#1) [/home/yumaly/workspace/lab4/vivado/lab4.srcs/sources_1/bd/lab4/ip/lab4_xlconstant_0_0/synth/lab4_xlconstant_0_0.v:57]
Finished RTL Elaboration : Time (s): cpu = 00:00:07 ; elapsed = 00:00:09 . Memory (MB): peak = 1356.477 ; gain = 124.539 ; free physical = 4612 ; free virtual = 13110
Finished RTL Optimization Phase 1 : Time (s): cpu = 00:00:07 ; elapsed = 00:00:09 . Memory (MB): peak = 1356.477 ; gain = 124.539 ; free physical = 4714 ; free virtual = 13214
INFO: [Device 21-403] Loading part xc7z020clg484-1
Constraint Validation Runtime : Time (s): cpu = 00:00:00 ; elapsed = 00:00:00 . Memory (MB): peak = 1603.492 ; gain = 0.000 ; free physical = 3771 ; free virtual = 12321
Finished Constraint Validation : Time (s): cpu = 00:00:23 ; elapsed = 00:00:42 . Memory (MB): peak = 1603.492 ; gain = 371.555 ; free physical = 4043 ; free virtual = 12593
Finished Loading Part and Timing Information : Time (s): cpu = 00:00:23 ; elapsed = 00:00:42 . Memory (MB): peak = 1603.492 ; gain = 371.555 ; free physical = 4043 ; free virtual = 12593
Finished applying 'set_property' XDC Constraints : Time (s): cpu = 00:00:23 ; elapsed = 00:00:42 . Memory (MB): peak = 1603.492 ; gain = 371.555 ; free physical = 4044 ; free virtual = 12594
Finished RTL Optimization Phase 2 : Time (s): cpu = 00:00:23 ; elapsed = 00:00:42 . Memory (MB): peak = 1603.492 ; gain = 371.555 ; free physical = 4044 ; free virtual = 12594
Finished Cross Boundary and Area Optimization : Time (s): cpu = 00:00:24 ; elapsed = 00:00:42 . Memory (MB): peak = 1603.492 ; gain = 371.555 ; free physical = 4051 ; free virtual = 12601
Finished Applying XDC Timing Constraints : Time (s): cpu = 00:00:30 ; elapsed = 00:00:51 . Memory (MB): peak = 1653.492 ; gain = 421.555 ; free physical = 3747 ; free virtual = 12304
Finished Timing Optimization : Time (s): cpu = 00:00:30 ; elapsed = 00:00:51 . Memory (MB): peak = 1653.492 ; gain = 421.555 ; free physical = 3747 ; free virtual = 12304
Finished Technology Mapping : Time (s): cpu = 00:00:30 ; elapsed = 00:00:51 . Memory (MB): peak = 1662.508 ; gain = 430.570 ; free physical = 3747 ; free virtual = 12304
Finished IO Insertion : Time (s): cpu = 00:00:30 ; elapsed = 00:00:52 . Memory (MB): peak = 1662.512 ; gain = 430.574 ; free physical = 3743 ; free virtual = 12300
Finished Renaming Generated Instances : Time (s): cpu = 00:00:30 ; elapsed = 00:00:52 . Memory (MB): peak = 1662.512 ; gain = 430.574 ; free physical = 3743 ; free virtual = 12300
Finished Rebuilding User Hierarchy : Time (s): cpu = 00:00:30 ; elapsed = 00:00:52 . Memory (MB): peak = 1662.512 ; gain = 430.574 ; free physical = 3743 ; free virtual = 12300
Finished Renaming Generated Ports : Time (s): cpu = 00:00:30 ; elapsed = 00:00:52 . Memory (MB): peak = 1662.512 ; gain = 430.574 ; free physical = 3743 ; free virtual = 12300
Finished Handling Custom Attributes : Time (s): cpu = 00:00:30 ; elapsed = 00:00:52 . Memory (MB): peak = 1662.512 ; gain = 430.574 ; free physical = 3743 ; free virtual = 12300
Finished Renaming Generated Nets : Time (s): cpu = 00:00:30 ; elapsed = 00:00:52 . Memory (MB): peak = 1662.512 ; gain = 430.574 ; free physical = 3743 ; free virtual = 12300

Report Cell Usage: 
+-+-----+------+
| |Cell |Count |
+-+-----+------+
+-+-----+------+
Finished Writing Synthesis Report : Time (s): cpu = 00:00:30 ; elapsed = 00:00:52 . Memory (MB): peak = 1662.512 ; gain = 430.574 ; free physical = 3743 ; free virtual = 12300
synth_design: Time (s): cpu = 00:00:31 ; elapsed = 00:00:53 . Memory (MB): peak = 1676.512 ; gain = 470.395 ; free physical = 3660 ; free virtual = 12217
