Copyright 1986-2017 Xilinx, Inc. All Rights Reserved.
------------------------------------------------------------------------------------
| Tool Version : Vivado v.2017.3 (lin64) Build 2018833 Wed Oct  4 19:58:07 MDT 2017
| Date         : Wed Dec 18 18:25:52 2019
| Host         : lx33 running 64-bit SUSE Linux Enterprise Desktop 12 SP4
| Command      : report_control_sets -file lab4_wrapper_control_sets_placed.rpt
| Design       : lab4_wrapper
| Device       : xc7z020
------------------------------------------------------------------------------------

Control Set Information

Table of Contents
-----------------
1. Summary
2. Flip-Flop Distribution

1. Summary
----------

+-------------------------------+-------+
|             Status            | Count |
+-------------------------------+-------+
| Number of unique control sets |   425 |
+-------------------------------+-------+


2. Flip-Flop Distribution
-------------------------

+--------------+-----------------------+------------------------+-----------------+--------------+
| Clock Enable | Synchronous Set/Reset | Asynchronous Set/Reset | Total Registers | Total Slices |
+--------------+-----------------------+------------------------+-----------------+--------------+
| No           | No                    | No                     |             257 |          105 |
| No           | No                    | Yes                    |               0 |            0 |
| No           | Yes                   | No                     |             706 |          210 |
| Yes          | No                    | No                     |            3512 |          810 |
| Yes          | No                    | Yes                    |             792 |          185 |
| Yes          | Yes                   | No                     |            7557 |         2311 |
+--------------+-----------------------+------------------------+-----------------+--------------+


