
*** Running vivado
    with args -log lab4_processing_system7_0_0.vds -m64 -product Vivado -mode batch -messageDb vivado.pb -notrace -source lab4_processing_system7_0_0.tcl


****** Vivado v2017.3 (64-bit)
  **** SW Build 2018833 on Wed Oct  4 19:58:07 MDT 2017
  **** IP Build 2016188 on Wed Oct  4 21:52:56 MDT 2017
    ** Copyright 1986-2017 Xilinx, Inc. All Rights Reserved.

source lab4_processing_system7_0_0.tcl -notrace
Starting RTL Elaboration : Time (s): cpu = 00:00:07 ; elapsed = 00:00:09 . Memory (MB): peak = 1327.809 ; gain = 86.000 ; free physical = 174 ; free virtual = 9341
INFO: [Synth 8-638] synthesizing module 'lab4_processing_system7_0_0' [/home/yumaly/workspace/lab4/vivado/lab4.srcs/sources_1/bd/lab4/ip/lab4_processing_system7_0_0/synth/lab4_processing_system7_0_0.v:60]
INFO: [Synth 8-638] synthesizing module 'processing_system7_v5_5_processing_system7' [/home/yumaly/workspace/lab4/vivado/lab4.srcs/sources_1/bd/lab4/ip/lab4_processing_system7_0_0/hdl/verilog/processing_system7_v5_5_processing_system7.v:162]
INFO: [Synth 8-638] synthesizing module 'BUFG' [/cad/x_17/Vivado/2017.3/scripts/rt/data/unisim_comp.v:607]
INFO: [Synth 8-256] done synthesizing module 'BUFG' (1#1) [/cad/x_17/Vivado/2017.3/scripts/rt/data/unisim_comp.v:607]
INFO: [Synth 8-638] synthesizing module 'BIBUF' [/cad/x_17/Vivado/2017.3/scripts/rt/data/unisim_comp.v:268]
INFO: [Synth 8-256] done synthesizing module 'BIBUF' (2#1) [/cad/x_17/Vivado/2017.3/scripts/rt/data/unisim_comp.v:268]
INFO: [Synth 8-638] synthesizing module 'PS7' [/cad/x_17/Vivado/2017.3/scripts/rt/data/unisim_comp.v:40559]
INFO: [Synth 8-256] done synthesizing module 'PS7' (3#1) [/cad/x_17/Vivado/2017.3/scripts/rt/data/unisim_comp.v:40559]
INFO: [Synth 8-256] done synthesizing module 'processing_system7_v5_5_processing_system7' (4#1) [/home/yumaly/workspace/lab4/vivado/lab4.srcs/sources_1/bd/lab4/ip/lab4_processing_system7_0_0/hdl/verilog/processing_system7_v5_5_processing_system7.v:162]
INFO: [Synth 8-256] done synthesizing module 'lab4_processing_system7_0_0' (5#1) [/home/yumaly/workspace/lab4/vivado/lab4.srcs/sources_1/bd/lab4/ip/lab4_processing_system7_0_0/synth/lab4_processing_system7_0_0.v:60]
Finished RTL Elaboration : Time (s): cpu = 00:00:07 ; elapsed = 00:00:11 . Memory (MB): peak = 1369.348 ; gain = 127.539 ; free physical = 202 ; free virtual = 9317
Finished RTL Optimization Phase 1 : Time (s): cpu = 00:00:08 ; elapsed = 00:00:11 . Memory (MB): peak = 1369.348 ; gain = 127.539 ; free physical = 192 ; free virtual = 9307
INFO: [Device 21-403] Loading part xc7z020clg484-1
Constraint Validation Runtime : Time (s): cpu = 00:00:00.01 ; elapsed = 00:00:00.01 . Memory (MB): peak = 1644.098 ; gain = 1.000 ; free physical = 158 ; free virtual = 8830
Finished Constraint Validation : Time (s): cpu = 00:00:24 ; elapsed = 00:00:47 . Memory (MB): peak = 1644.098 ; gain = 402.289 ; free physical = 181 ; free virtual = 8853
Finished Loading Part and Timing Information : Time (s): cpu = 00:00:24 ; elapsed = 00:00:47 . Memory (MB): peak = 1644.098 ; gain = 402.289 ; free physical = 181 ; free virtual = 8853
Finished applying 'set_property' XDC Constraints : Time (s): cpu = 00:00:24 ; elapsed = 00:00:48 . Memory (MB): peak = 1644.098 ; gain = 402.289 ; free physical = 180 ; free virtual = 8852
Finished RTL Optimization Phase 2 : Time (s): cpu = 00:00:25 ; elapsed = 00:00:48 . Memory (MB): peak = 1644.098 ; gain = 402.289 ; free physical = 167 ; free virtual = 8839
Finished Cross Boundary and Area Optimization : Time (s): cpu = 00:00:25 ; elapsed = 00:00:49 . Memory (MB): peak = 1644.098 ; gain = 402.289 ; free physical = 170 ; free virtual = 8824
Finished Applying XDC Timing Constraints : Time (s): cpu = 00:00:31 ; elapsed = 00:00:58 . Memory (MB): peak = 1847.098 ; gain = 605.289 ; free physical = 579 ; free virtual = 9109
Finished Timing Optimization : Time (s): cpu = 00:00:31 ; elapsed = 00:00:58 . Memory (MB): peak = 1867.105 ; gain = 625.297 ; free physical = 566 ; free virtual = 9096
Finished Technology Mapping : Time (s): cpu = 00:00:32 ; elapsed = 00:00:59 . Memory (MB): peak = 1875.113 ; gain = 633.305 ; free physical = 538 ; free virtual = 9067
Finished IO Insertion : Time (s): cpu = 00:00:33 ; elapsed = 00:01:00 . Memory (MB): peak = 1875.117 ; gain = 633.309 ; free physical = 457 ; free virtual = 8987
Finished Renaming Generated Instances : Time (s): cpu = 00:00:33 ; elapsed = 00:01:00 . Memory (MB): peak = 1875.117 ; gain = 633.309 ; free physical = 457 ; free virtual = 8986
Finished Rebuilding User Hierarchy : Time (s): cpu = 00:00:33 ; elapsed = 00:01:00 . Memory (MB): peak = 1875.117 ; gain = 633.309 ; free physical = 456 ; free virtual = 8985
Finished Renaming Generated Ports : Time (s): cpu = 00:00:33 ; elapsed = 00:01:00 . Memory (MB): peak = 1875.117 ; gain = 633.309 ; free physical = 456 ; free virtual = 8985
Finished Handling Custom Attributes : Time (s): cpu = 00:00:33 ; elapsed = 00:01:00 . Memory (MB): peak = 1875.117 ; gain = 633.309 ; free physical = 455 ; free virtual = 8985
Finished Renaming Generated Nets : Time (s): cpu = 00:00:33 ; elapsed = 00:01:00 . Memory (MB): peak = 1875.117 ; gain = 633.309 ; free physical = 454 ; free virtual = 8983

Report Cell Usage: 
+------+------+------+
|      |Cell  |Count |
+------+------+------+
|1     |BIBUF |   130|
|2     |BUFG  |     1|
|3     |LUT1  |    56|
|4     |PS7   |     1|
+------+------+------+
Finished Writing Synthesis Report : Time (s): cpu = 00:00:33 ; elapsed = 00:01:00 . Memory (MB): peak = 1875.117 ; gain = 633.309 ; free physical = 454 ; free virtual = 8983
synth_design: Time (s): cpu = 00:00:34 ; elapsed = 00:01:01 . Memory (MB): peak = 1878.113 ; gain = 662.125 ; free physical = 686 ; free virtual = 9215
